[0105/211125:INFO:CONSOLE(0)] "Creating Application Cache with manifest http://codb.coocox.org/codb/component_storage/static/manifest/offline.manifest", source: http://codb.coocox.org/codb/component_storage/static/main.html (0)
[0105/211125:INFO:CONSOLE(0)] "Application Cache Checking event", source: http://codb.coocox.org/codb/component_storage/static/main.html (0)
[0105/211125:INFO:CONSOLE(0)] "Application Cache Downloading event", source: http://codb.coocox.org/codb/component_storage/static/main.html (0)
[0105/211125:INFO:CONSOLE(0)] "Application Cache Progress event (0 of 127) http://codb.coocox.org/codb/component_storage/static/code-commit-view.html", source: http://codb.coocox.org/codb/component_storage/static/main.html (0)
[0105/211125:INFO:CONSOLE(0)] "Application Cache Progress event (1 of 127) http://codb.coocox.org/codb/component_storage/static/css/index.css", source: http://codb.coocox.org/codb/component_storage/static/main.html (0)
[0105/211126:INFO:CONSOLE(0)] "Application Cache Progress event (2 of 127) http://codb.coocox.org/codb/component_storage/static/images/45141.jpg", source: http://codb.coocox.org/codb/component_storage/static/main.html (0)
[0105/211126:INFO:CONSOLE(0)] "Application Cache Progress event (3 of 127) http://codb.coocox.org/codb/component_storage/static/home.html", source: http://codb.coocox.org/codb/component_storage/static/main.html (0)
[0105/211126:INFO:CONSOLE(0)] "Application Cache Progress event (4 of 127) http://codb.coocox.org/codb/component_storage/static/images/btn_list.png", source: http://codb.coocox.org/codb/component_storage/static/main.html (0)
[0105/211126:INFO:CONSOLE(0)] "Application Cache Progress event (5 of 127) http://codb.coocox.org/codb/component_storage/static/images/icon/icon_1.jpg", source: http://codb.coocox.org/codb/component_storage/static/main.html (0)
[0105/211126:INFO:CONSOLE(0)] "Application Cache Progress event (6 of 127) http://codb.coocox.org/codb/component_storage/static/images/embest.jpg", source: http://codb.coocox.org/codb/component_storage/static/main.html (0)
[0105/211126:INFO:CONSOLE(0)] "Application Cache Progress event (7 of 127) http://codb.coocox.org/codb/component_storage/static/js/codb_global_config.js", source: http://codb.coocox.org/codb/component_storage/static/main.html (0)
[0105/211126:INFO:CONSOLE(0)] "Application Cache Progress event (8 of 127) http://codb.coocox.org/codb/component_storage/static/images/thumb/icon_5.jpg", source: http://codb.coocox.org/codb/component_storage/static/main.html (0)
[0105/211126:INFO:CONSOLE(0)] "Application Cache Progress event (9 of 127) http://codb.coocox.org/codb/component_storage/static/code-commit.html", source: http://codb.coocox.org/codb/component_storage/static/main.html (0)
[0105/211126:INFO:CONSOLE(0)] "Application Cache Progress event (10 of 127) http://codb.coocox.org/codb/component_storage/static/js/cef_component_api.js", source: http://codb.coocox.org/codb/component_storage/static/main.html (0)
[0105/211126:INFO:CONSOLE(0)] "Application Cache Progress event (11 of 127) http://codb.coocox.org/codb/component_storage/static/images/download.png", source: http://codb.coocox.org/codb/component_storage/static/main.html (0)
[0105/211127:INFO:CONSOLE(0)] "Application Cache Progress event (12 of 127) http://codb.coocox.org/codb/component_storage/static/css/style.css", source: http://codb.coocox.org/codb/component_storage/static/main.html (0)
[0105/211127:INFO:CONSOLE(0)] "Application Cache Progress event (13 of 127) http://codb.coocox.org/codb/component_storage/static/componentList.html", source: http://codb.coocox.org/codb/component_storage/static/main.html (0)
[0105/211127:INFO:CONSOLE(0)] "Application Cache Progress event (14 of 127) http://codb.coocox.org/codb/component_storage/static/code-file-view.html", source: http://codb.coocox.org/codb/component_storage/static/main.html (0)
[0105/211127:INFO:CONSOLE(0)] "Application Cache Progress event (15 of 127) http://codb.coocox.org/codb/component_storage/static/code-files.html", source: http://codb.coocox.org/codb/component_storage/static/main.html (0)
[0105/211127:INFO:CONSOLE(0)] "Application Cache Progress event (16 of 127) http://codb.coocox.org/codb/component_storage/static/component_configure.html", source: http://codb.coocox.org/codb/component_storage/static/main.html (0)
[0105/211127:INFO:CONSOLE(0)] "Application Cache Progress event (17 of 127) http://codb.coocox.org/codb/component_storage/static/images/close.png", source: http://codb.coocox.org/codb/component_storage/static/main.html (0)
[0105/211127:INFO:CONSOLE(0)] "Application Cache Progress event (18 of 127) http://codb.coocox.org/codb/component_storage/static/component_home.html", source: http://codb.coocox.org/codb/component_storage/static/main.html (0)
[0105/211128:INFO:CONSOLE(0)] "Application Cache Progress event (19 of 127) http://codb.coocox.org/codb/component_storage/static/index.html", source: http://codb.coocox.org/codb/component_storage/static/main.html (0)
[0105/211128:INFO:CONSOLE(0)] "Application Cache Progress event (20 of 127) http://codb.coocox.org/codb/component_storage/static/main.html", source: http://codb.coocox.org/codb/component_storage/static/main.html (0)
[0105/211128:INFO:CONSOLE(0)] "Application Cache Progress event (21 of 127) http://codb.coocox.org/codb/component_storage/static/js/AjaxCache.js", source: http://codb.coocox.org/codb/component_storage/static/main.html (0)
[0105/211128:INFO:CONSOLE(0)] "Application Cache Progress event (22 of 127) http://codb.coocox.org/codb/component_storage/static/js/cefcommunicateapi.js", source: http://codb.coocox.org/codb/component_storage/static/main.html (0)
[0105/211128:INFO:CONSOLE(0)] "Application Cache Progress event (23 of 127) http://codb.coocox.org/codb/component_storage/static/images/73400.png", source: http://codb.coocox.org/codb/component_storage/static/main.html (0)
[0105/211128:INFO:CONSOLE(0)] "Application Cache Progress event (24 of 127) http://codb.coocox.org/codb/component_storage/static/images/components.png", source: http://codb.coocox.org/codb/component_storage/static/main.html (0)
[0105/211128:INFO:CONSOLE(0)] "Application Cache Progress event (25 of 127) http://codb.coocox.org/codb/component_storage/static/js/codb_test.js", source: http://codb.coocox.org/codb/component_storage/static/main.html (0)
[0105/211128:INFO:CONSOLE(0)] "Application Cache Progress event (26 of 127) http://codb.coocox.org/codb/component_storage/static/js/common.js", source: http://codb.coocox.org/codb/component_storage/static/main.html (0)
[0105/211128:INFO:CONSOLE(0)] "Application Cache Progress event (27 of 127) http://codb.coocox.org/codb/component_storage/static/images/clipboard.png", source: http://codb.coocox.org/codb/component_storage/static/main.html (0)
[0105/211128:INFO:CONSOLE(0)] "Application Cache Progress event (28 of 127) http://codb.coocox.org/codb/component_storage/static/css/prettify.css", source: http://codb.coocox.org/codb/component_storage/static/main.html (0)
[0105/211128:INFO:CONSOLE(0)] "Application Cache Progress event (29 of 127) http://codb.coocox.org/codb/component_storage/static/images/btn_002.jpg", source: http://codb.coocox.org/codb/component_storage/static/main.html (0)
[0105/211128:INFO:CONSOLE(0)] "Application Cache Progress event (30 of 127) http://codb.coocox.org/codb/component_storage/static/js/jquery-1.10.2.min.js", source: http://codb.coocox.org/codb/component_storage/static/main.html (0)
[0105/211128:INFO:CONSOLE(0)] "Application Cache Progress event (31 of 127) http://codb.coocox.org/codb/component_storage/static/images/icon/icon_5a.jpg", source: http://codb.coocox.org/codb/component_storage/static/main.html (0)
[0105/211128:INFO:CONSOLE(0)] "Application Cache Progress event (32 of 127) http://codb.coocox.org/codb/component_storage/static/js/highlight.pack.js", source: http://codb.coocox.org/codb/component_storage/static/main.html (0)
[0105/211129:INFO:CONSOLE(0)] "Application Cache Progress event (33 of 127) http://codb.coocox.org/codb/component_storage/static/js/marked.js", source: http://codb.coocox.org/codb/component_storage/static/main.html (0)
[0105/211129:INFO:CONSOLE(0)] "Application Cache Progress event (34 of 127) http://codb.coocox.org/codb/component_storage/static/js/prettify.js", source: http://codb.coocox.org/codb/component_storage/static/main.html (0)
[0105/211129:INFO:CONSOLE(0)] "Application Cache Progress event (35 of 127) http://codb.coocox.org/codb/component_storage/static/js/jquery-1.10.2.min.map", source: http://codb.coocox.org/codb/component_storage/static/main.html (0)
[0105/211129:INFO:CONSOLE(0)] "Application Cache Progress event (36 of 127) http://codb.coocox.org/codb/component_storage/static/js/statistics.js", source: http://codb.coocox.org/codb/component_storage/static/main.html (0)
[0105/211129:INFO:CONSOLE(0)] "event.returnValue is deprecated. Please use the standard event.preventDefault() instead.", source:  (0)
[0105/211129:INFO:CONSOLE(0)] "Application Cache Progress event (37 of 127) http://codb.coocox.org/codb/component_storage/static/images/index_08.jpg", source: http://codb.coocox.org/codb/component_storage/static/main.html (0)
[0105/211129:INFO:CONSOLE(0)] "Application Cache Progress event (38 of 127) http://codb.coocox.org/codb/component_storage/static/images/back_002.jpg", source: http://codb.coocox.org/codb/component_storage/static/main.html (0)
[0105/211129:INFO:CONSOLE(0)] "Application Cache Progress event (39 of 127) http://codb.coocox.org/codb/component_storage/static/js/tabs.js", source: http://codb.coocox.org/codb/component_storage/static/main.html (0)
[0105/211129:INFO:CONSOLE(0)] "Application Cache Progress event (40 of 127) http://codb.coocox.org/codb/component_storage/static/css/core.css", source: http://codb.coocox.org/codb/component_storage/static/main.html (0)
[0105/211130:INFO:CONSOLE(0)] "Application Cache Progress event (41 of 127) http://codb.coocox.org/codb/component_storage/static/images/comp_status.png", source: http://codb.coocox.org/codb/component_storage/static/main.html (0)
[0105/211130:INFO:CONSOLE(0)] "Application Cache Progress event (42 of 127) http://codb.coocox.org/codb/component_storage/static/css/fonts.css", source: http://codb.coocox.org/codb/component_storage/static/main.html (0)
[0105/211130:INFO:CONSOLE(0)] "Application Cache Progress event (43 of 127) http://codb.coocox.org/codb/component_storage/static/css/github-markdown.css", source: http://codb.coocox.org/codb/component_storage/static/main.html (0)
[0105/211130:INFO:CONSOLE(0)] "Application Cache Progress event (44 of 127) http://codb.coocox.org/codb/component_storage/static/images/folder.png", source: http://codb.coocox.org/codb/component_storage/static/main.html (0)
[0105/211130:INFO:CONSOLE(0)] "Application Cache Progress event (45 of 127) http://codb.coocox.org/codb/component_storage/static/css/style2.css", source: http://codb.coocox.org/codb/component_storage/static/main.html (0)
[0105/211130:INFO:CONSOLE(0)] "Application Cache Progress event (46 of 127) http://codb.coocox.org/codb/component_storage/static/images/back_001.jpg", source: http://codb.coocox.org/codb/component_storage/static/main.html (0)
[0105/211130:INFO:CONSOLE(0)] "Application Cache Progress event (47 of 127) http://codb.coocox.org/codb/component_storage/static/images/load.png", source: http://codb.coocox.org/codb/component_storage/static/main.html (0)
[0105/211130:INFO:CONSOLE(0)] "Application Cache Progress event (48 of 127) http://codb.coocox.org/codb/component_storage/static/images/add.png", source: http://codb.coocox.org/codb/component_storage/static/main.html (0)
[0105/211130:INFO:CONSOLE(0)] "Application Cache Progress event (49 of 127) http://codb.coocox.org/codb/component_storage/static/images/icon/developed.jpg", source: http://codb.coocox.org/codb/component_storage/static/main.html (0)
[0105/211130:INFO:CONSOLE(0)] "Application Cache Progress event (50 of 127) http://codb.coocox.org/codb/component_storage/static/images/fork.png", source: http://codb.coocox.org/codb/component_storage/static/main.html (0)
[0105/211131:INFO:CONSOLE(0)] "Application Cache Progress event (51 of 127) http://codb.coocox.org/codb/component_storage/static/images/remove.png", source: http://codb.coocox.org/codb/component_storage/static/main.html (0)
[0105/211131:INFO:CONSOLE(0)] "Application Cache Progress event (52 of 127) http://codb.coocox.org/codb/component_storage/static/images/24734.jpg", source: http://codb.coocox.org/codb/component_storage/static/main.html (0)
[0105/211131:INFO:CONSOLE(0)] "Application Cache Progress event (53 of 127) http://codb.coocox.org/codb/component_storage/static/images/bg_sprits.png", source: http://codb.coocox.org/codb/component_storage/static/main.html (0)
[0105/211131:INFO:CONSOLE(0)] "Application Cache Progress event (54 of 127) http://codb.coocox.org/codb/component_storage/static/images/add_to_project.png", source: http://codb.coocox.org/codb/component_storage/static/main.html (0)
[0105/211131:INFO:CONSOLE(0)] "Application Cache Progress event (55 of 127) http://codb.coocox.org/codb/component_storage/static/images/btn_001.jpg", source: http://codb.coocox.org/codb/component_storage/static/main.html (0)
[0105/211131:INFO:CONSOLE(0)] "Application Cache Progress event (56 of 127) http://codb.coocox.org/codb/component_storage/static/images/index_11.jpg", source: http://codb.coocox.org/codb/component_storage/static/main.html (0)
[0105/211131:INFO:CONSOLE(0)] "Application Cache Progress event (57 of 127) http://codb.coocox.org/codb/component_storage/static/images/btn_Brower.jpg", source: http://codb.coocox.org/codb/component_storage/static/main.html (0)
[0105/211131:INFO:CONSOLE(0)] "Application Cache Progress event (58 of 127) http://codb.coocox.org/codb/component_storage/static/images/btn_Brower01.jpg", source: http://codb.coocox.org/codb/component_storage/static/main.html (0)
[0105/211131:INFO:CONSOLE(0)] "Application Cache Progress event (59 of 127) http://codb.coocox.org/codb/component_storage/static/images/cadsoft.jpg", source: http://codb.coocox.org/codb/component_storage/static/main.html (0)
[0105/211131:INFO:CONSOLE(0)] "Application Cache Progress event (60 of 127) http://codb.coocox.org/codb/component_storage/static/images/chip.png", source: http://codb.coocox.org/codb/component_storage/static/main.html (0)
[0105/211131:INFO:CONSOLE(0)] "Application Cache Progress event (61 of 127) http://codb.coocox.org/codb/component_storage/static/images/cloud.png", source: http://codb.coocox.org/codb/component_storage/static/main.html (0)
[0105/211132:INFO:CONSOLE(0)] "Application Cache Progress event (62 of 127) http://codb.coocox.org/codb/component_storage/static/images/comp_status_forbid.png", source: http://codb.coocox.org/codb/component_storage/static/main.html (0)
[0105/211132:INFO:CONSOLE(0)] "Application Cache Progress event (63 of 127) http://codb.coocox.org/codb/component_storage/static/images/element.jpg", source: http://codb.coocox.org/codb/component_storage/static/main.html (0)
[0105/211132:INFO:CONSOLE(0)] "Application Cache Progress event (64 of 127) http://codb.coocox.org/codb/component_storage/static/images/content_hr1.png", source: http://codb.coocox.org/codb/component_storage/static/main.html (0)
[0105/211132:INFO:CONSOLE(0)] "Application Cache Progress event (65 of 127) http://codb.coocox.org/codb/component_storage/static/images/thumb/icon_3.jpg", source: http://codb.coocox.org/codb/component_storage/static/main.html (0)
[0105/211132:INFO:CONSOLE(0)] "Application Cache Progress event (66 of 127) http://codb.coocox.org/codb/component_storage/static/images/content_hr2.png", source: http://codb.coocox.org/codb/component_storage/static/main.html (0)
[0105/211132:INFO:CONSOLE(0)] "Application Cache Progress event (67 of 127) http://codb.coocox.org/codb/component_storage/static/images/index_03.jpg", source: http://codb.coocox.org/codb/component_storage/static/main.html (0)
[0105/211132:INFO:CONSOLE(0)] "Application Cache Progress event (68 of 127) http://codb.coocox.org/codb/component_storage/static/images/index_06.jpg", source: http://codb.coocox.org/codb/component_storage/static/main.html (0)
[0105/211132:INFO:CONSOLE(0)] "Application Cache Progress event (69 of 127) http://codb.coocox.org/codb/component_storage/static/images/lie.png", source: http://codb.coocox.org/codb/component_storage/static/main.html (0)
[0105/211133:INFO:CONSOLE(0)] "Application Cache Progress event (70 of 127) http://codb.coocox.org/codb/component_storage/static/images/list.png", source: http://codb.coocox.org/codb/component_storage/static/main.html (0)
[0105/211133:INFO:CONSOLE(0)] "Application Cache Progress event (71 of 127) http://codb.coocox.org/codb/component_storage/static/images/loading.gif", source: http://codb.coocox.org/codb/component_storage/static/main.html (0)
[0105/211133:INFO:CONSOLE(0)] "Application Cache Progress event (72 of 127) http://codb.coocox.org/codb/component_storage/static/images/thumb/icon_90.jpg", source: http://codb.coocox.org/codb/component_storage/static/main.html (0)
[0105/211133:INFO:CONSOLE(0)] "Application Cache Progress event (73 of 127) http://codb.coocox.org/codb/component_storage/static/images/logo.jpg", source: http://codb.coocox.org/codb/component_storage/static/main.html (0)
[0105/211133:INFO:CONSOLE(0)] "Application Cache Progress event (74 of 127) http://codb.coocox.org/codb/component_storage/static/images/member1.jpg", source: http://codb.coocox.org/codb/component_storage/static/main.html (0)
[0105/211133:INFO:CONSOLE(0)] "Application Cache Progress event (75 of 127) http://codb.coocox.org/codb/component_storage/static/images/more.png", source: http://codb.coocox.org/codb/component_storage/static/main.html (0)
[0105/211133:INFO:CONSOLE(0)] "Application Cache Progress event (76 of 127) http://codb.coocox.org/codb/component_storage/static/images/icon/Utility.jpg", source: http://codb.coocox.org/codb/component_storage/static/main.html (0)
[0105/211133:INFO:CONSOLE(0)] "Application Cache Progress event (77 of 127) http://codb.coocox.org/codb/component_storage/static/images/more001.png", source: http://codb.coocox.org/codb/component_storage/static/main.html (0)
[0105/211133:INFO:CONSOLE(0)] "Application Cache Progress event (78 of 127) http://codb.coocox.org/codb/component_storage/static/images/new_project.png", source: http://codb.coocox.org/codb/component_storage/static/main.html (0)
[0105/211133:INFO:CONSOLE(0)] "Application Cache Progress event (79 of 127) http://codb.coocox.org/codb/component_storage/static/images/select_right.jpg", source: http://codb.coocox.org/codb/component_storage/static/main.html (0)
[0105/211134:INFO:CONSOLE(0)] "Application Cache Progress event (80 of 127) http://codb.coocox.org/codb/component_storage/static/images/select_right01.jpg", source: http://codb.coocox.org/codb/component_storage/static/main.html (0)
[0105/211134:INFO:CONSOLE(0)] "Application Cache Progress event (81 of 127) http://codb.coocox.org/codb/component_storage/static/images/shadow.jpg", source: http://codb.coocox.org/codb/component_storage/static/main.html (0)
[0105/211134:INFO:CONSOLE(0)] "Application Cache Progress event (82 of 127) http://codb.coocox.org/codb/component_storage/static/images/sloading.gif", source: http://codb.coocox.org/codb/component_storage/static/main.html (0)
[0105/211134:INFO:CONSOLE(0)] "Application Cache Progress event (83 of 127) http://codb.coocox.org/codb/component_storage/static/images/star.png", source: http://codb.coocox.org/codb/component_storage/static/main.html (0)
[0105/211134:INFO:CONSOLE(0)] "Application Cache Progress event (84 of 127) http://codb.coocox.org/codb/component_storage/static/images/success.png", source: http://codb.coocox.org/codb/component_storage/static/main.html (0)
[0105/211134:INFO:CONSOLE(0)] "Application Cache Progress event (85 of 127) http://codb.coocox.org/codb/component_storage/static/images/switch.png", source: http://codb.coocox.org/codb/component_storage/static/main.html (0)
[0105/211134:INFO:CONSOLE(0)] "Application Cache Progress event (86 of 127) http://codb.coocox.org/codb/component_storage/static/images/tabnav_bg.png", source: http://codb.coocox.org/codb/component_storage/static/main.html (0)
[0105/211134:INFO:CONSOLE(0)] "Application Cache Progress event (87 of 127) http://codb.coocox.org/codb/component_storage/static/images/title.jpg", source: http://codb.coocox.org/codb/component_storage/static/main.html (0)
[0105/211134:INFO:CONSOLE(0)] "Application Cache Progress event (88 of 127) http://codb.coocox.org/codb/component_storage/static/images/warning.png", source: http://codb.coocox.org/codb/component_storage/static/main.html (0)
[0105/211135:INFO:CONSOLE(0)] "Application Cache Progress event (89 of 127) http://codb.coocox.org/codb/component_storage/static/images/icon/focus.jpg", source: http://codb.coocox.org/codb/component_storage/static/main.html (0)
[0105/211135:INFO:CONSOLE(0)] "Application Cache Progress event (90 of 127) http://codb.coocox.org/codb/component_storage/static/images/wmd-buttons.png", source: http://codb.coocox.org/codb/component_storage/static/main.html (0)
[0105/211135:INFO:CONSOLE(0)] "Application Cache Progress event (91 of 127) http://codb.coocox.org/codb/component_storage/static/images/icon/Board.jpg", source: http://codb.coocox.org/codb/component_storage/static/main.html (0)
[0105/211135:INFO:CONSOLE(0)] "Application Cache Progress event (92 of 127) http://codb.coocox.org/codb/component_storage/static/images/icon/component.jpg", source: http://codb.coocox.org/codb/component_storage/static/main.html (0)
[0105/211135:INFO:CONSOLE(0)] "Application Cache Progress event (93 of 127) http://codb.coocox.org/codb/component_storage/static/images/icon/components.jpg", source: http://codb.coocox.org/codb/component_storage/static/main.html (0)
[0105/211135:INFO:CONSOLE(0)] "Application Cache Progress event (94 of 127) http://codb.coocox.org/codb/component_storage/static/images/icon/icon_4.jpg", source: http://codb.coocox.org/codb/component_storage/static/main.html (0)
[0105/211135:INFO:CONSOLE(0)] "Application Cache Progress event (95 of 127) http://codb.coocox.org/codb/component_storage/static/images/icon/componentsa.jpg", source: http://codb.coocox.org/codb/component_storage/static/main.html (0)
[0105/211135:INFO:CONSOLE(0)] "Application Cache Progress event (96 of 127) http://codb.coocox.org/codb/component_storage/static/images/icon/favorate.jpg", source: http://codb.coocox.org/codb/component_storage/static/main.html (0)
[0105/211135:INFO:CONSOLE(0)] "Application Cache Progress event (97 of 127) http://codb.coocox.org/codb/component_storage/static/images/icon/file.jpg", source: http://codb.coocox.org/codb/component_storage/static/main.html (0)
[0105/211135:INFO:CONSOLE(0)] "Application Cache Progress event (98 of 127) http://codb.coocox.org/codb/component_storage/static/images/icon/focus.png", source: http://codb.coocox.org/codb/component_storage/static/main.html (0)
[0105/211136:INFO:CONSOLE(0)] "Application Cache Progress event (99 of 127) http://codb.coocox.org/codb/component_storage/static/images/icon/icona_91.jpg", source: http://codb.coocox.org/codb/component_storage/static/main.html (0)
[0105/211136:INFO:CONSOLE(0)] "Application Cache Progress event (100 of 127) http://codb.coocox.org/codb/component_storage/static/images/icon/icon_1a.jpg", source: http://codb.coocox.org/codb/component_storage/static/main.html (0)
[0105/211136:INFO:CONSOLE(0)] "Application Cache Progress event (101 of 127) http://codb.coocox.org/codb/component_storage/static/images/icon/icon_2.jpg", source: http://codb.coocox.org/codb/component_storage/static/main.html (0)
[0105/211136:INFO:CONSOLE(0)] "Application Cache Progress event (102 of 127) http://codb.coocox.org/codb/component_storage/static/images/icon/icon_2a.jpg", source: http://codb.coocox.org/codb/component_storage/static/main.html (0)
[0105/211136:INFO:CONSOLE(0)] "Application Cache Progress event (103 of 127) http://codb.coocox.org/codb/component_storage/static/images/icon/icon_3.jpg", source: http://codb.coocox.org/codb/component_storage/static/main.html (0)
[0105/211136:INFO:CONSOLE(0)] "Application Cache Progress event (104 of 127) http://codb.coocox.org/codb/component_storage/static/images/icon/icon_3a.jpg", source: http://codb.coocox.org/codb/component_storage/static/main.html (0)
[0105/211136:INFO:CONSOLE(0)] "Application Cache Progress event (105 of 127) http://codb.coocox.org/codb/component_storage/static/images/icon/icon_4a.jpg", source: http://codb.coocox.org/codb/component_storage/static/main.html (0)
[0105/211136:INFO:CONSOLE(0)] "Application Cache Progress event (106 of 127) http://codb.coocox.org/codb/component_storage/static/images/icon/icon_5.jpg", source: http://codb.coocox.org/codb/component_storage/static/main.html (0)
[0105/211136:INFO:CONSOLE(0)] "Application Cache Progress event (107 of 127) http://codb.coocox.org/codb/component_storage/static/images/icon/icon_6.jpg", source: http://codb.coocox.org/codb/component_storage/static/main.html (0)
[0105/211136:INFO:CONSOLE(0)] "Application Cache Progress event (108 of 127) http://codb.coocox.org/codb/component_storage/static/images/icon/icon_7.jpg", source: http://codb.coocox.org/codb/component_storage/static/main.html (0)
[0105/211137:INFO:CONSOLE(0)] "Application Cache Progress event (109 of 127) http://codb.coocox.org/codb/component_storage/static/images/icon/icon_7a.jpg", source: http://codb.coocox.org/codb/component_storage/static/main.html (0)
[0105/211137:INFO:CONSOLE(0)] "Application Cache Progress event (110 of 127) http://codb.coocox.org/codb/component_storage/static/images/icon/icon_8.jpg", source: http://codb.coocox.org/codb/component_storage/static/main.html (0)
[0105/211137:INFO:CONSOLE(0)] "Application Cache Progress event (111 of 127) http://codb.coocox.org/codb/component_storage/static/images/icon/icon_8a.jpg", source: http://codb.coocox.org/codb/component_storage/static/main.html (0)
[0105/211137:INFO:CONSOLE(0)] "Application Cache Progress event (112 of 127) http://codb.coocox.org/codb/component_storage/static/images/icon/icon_9.jpg", source: http://codb.coocox.org/codb/component_storage/static/main.html (0)
[0105/211137:INFO:CONSOLE(0)] "Application Cache Progress event (113 of 127) http://codb.coocox.org/codb/component_storage/static/images/icon/icon_90.jpg", source: http://codb.coocox.org/codb/component_storage/static/main.html (0)
[0105/211137:INFO:CONSOLE(0)] "Application Cache Progress event (114 of 127) http://codb.coocox.org/codb/component_storage/static/images/icon/icon_90a.jpg", source: http://codb.coocox.org/codb/component_storage/static/main.html (0)
[0105/211137:INFO:CONSOLE(0)] "Application Cache Progress event (115 of 127) http://codb.coocox.org/codb/component_storage/static/images/icon/icon_91.jpg", source: http://codb.coocox.org/codb/component_storage/static/main.html (0)
[0105/211137:INFO:CONSOLE(0)] "Application Cache Progress event (116 of 127) http://codb.coocox.org/codb/component_storage/static/images/icon/icon_9a.jpg", source: http://codb.coocox.org/codb/component_storage/static/main.html (0)
[0105/211138:INFO:CONSOLE(0)] "Application Cache Progress event (117 of 127) http://codb.coocox.org/codb/component_storage/static/images/icon/Protocol.jpg", source: http://codb.coocox.org/codb/component_storage/static/main.html (0)
[0105/211138:INFO:CONSOLE(0)] "Application Cache Progress event (118 of 127) http://codb.coocox.org/codb/component_storage/static/images/icon/recommended.jpg", source: http://codb.coocox.org/codb/component_storage/static/main.html (0)
[0105/211138:INFO:CONSOLE(0)] "Application Cache Progress event (119 of 127) http://codb.coocox.org/codb/component_storage/static/images/icon/upload.jpg", source: http://codb.coocox.org/codb/component_storage/static/main.html (0)
[0105/211138:INFO:CONSOLE(0)] "Application Cache Progress event (120 of 127) http://codb.coocox.org/codb/component_storage/static/images/thumb/icon_1.jpg", source: http://codb.coocox.org/codb/component_storage/static/main.html (0)
[0105/211138:INFO:CONSOLE(0)] "Application Cache Progress event (121 of 127) http://codb.coocox.org/codb/component_storage/static/images/thumb/icon_2.jpg", source: http://codb.coocox.org/codb/component_storage/static/main.html (0)
[0105/211138:INFO:CONSOLE(0)] "Application Cache Progress event (122 of 127) http://codb.coocox.org/codb/component_storage/static/images/thumb/icon_4.jpg", source: http://codb.coocox.org/codb/component_storage/static/main.html (0)
[0105/211139:INFO:CONSOLE(0)] "Application Cache Progress event (123 of 127) http://codb.coocox.org/codb/component_storage/static/images/thumb/icon_7.jpg", source: http://codb.coocox.org/codb/component_storage/static/main.html (0)
[0105/211139:INFO:CONSOLE(0)] "Application Cache Progress event (124 of 127) http://codb.coocox.org/codb/component_storage/static/images/thumb/icon_8.jpg", source: http://codb.coocox.org/codb/component_storage/static/main.html (0)
[0105/211139:INFO:CONSOLE(0)] "Application Cache Progress event (125 of 127) http://codb.coocox.org/codb/component_storage/static/images/thumb/icon_9.jpg", source: http://codb.coocox.org/codb/component_storage/static/main.html (0)
[0105/211139:INFO:CONSOLE(0)] "Application Cache Progress event (126 of 127) http://codb.coocox.org/codb/component_storage/static/images/thumb/icon_91.jpg", source: http://codb.coocox.org/codb/component_storage/static/main.html (0)
[0105/211139:INFO:CONSOLE(0)] "Application Cache Progress event (127 of 127) ", source: http://codb.coocox.org/codb/component_storage/static/main.html (0)
[0105/211139:INFO:CONSOLE(0)] "Application Cache Cached event", source: http://codb.coocox.org/codb/component_storage/static/main.html (0)
[0105/211253:INFO:CONSOLE(0)] "Document was loaded from Application Cache with manifest http://codb.coocox.org/codb/component_storage/static/manifest/offline.manifest", source: http://codb.coocox.org/codb/component_storage/static/main.html (0)
[0105/211253:INFO:CONSOLE(0)] "Application Cache Checking event", source: http://codb.coocox.org/codb/component_storage/static/main.html (0)
[0105/211254:INFO:CONSOLE(0)] "Document was loaded from Application Cache with manifest http://codb.coocox.org/codb/component_storage/static/manifest/offline.manifest", source: http://codb.coocox.org/codb/component_storage/static/main.html (0)
[0105/211254:INFO:CONSOLE(0)] "Application Cache Checking event", source: http://codb.coocox.org/codb/component_storage/static/main.html (0)
[0105/211254:INFO:CONSOLE(0)] "Application Cache NoUpdate event", source: http://codb.coocox.org/codb/component_storage/static/main.html (0)
[0105/211254:INFO:CONSOLE(0)] "Application Cache NoUpdate event", source: http://codb.coocox.org/codb/component_storage/static/main.html (0)
